[0.133s] DEBUG:colcon:Command line arguments: ['/usr/bin/colcon', 'build']
[0.133s] DEBUG:colcon:Parsed command line arguments: Namespace(log_base=None, log_level=None, verb_name='build', build_base='build', install_base='install', merge_install=False, symlink_install=False, test_result_base=None, continue_on_error=False, executor='parallel', parallel_workers=20, event_handlers=None, ignore_user_meta=False, metas=['./colcon.meta'], base_paths=['.'], packages_ignore=None, packages_ignore_regex=None, paths=None, packages_up_to=None, packages_up_to_regex=None, packages_above=None, packages_above_and_dependencies=None, packages_above_depth=None, packages_select_by_dep=None, packages_skip_by_dep=None, packages_skip_up_to=None, packages_select_build_failed=False, packages_skip_build_finished=False, packages_select_test_failures=False, packages_skip_test_passed=False, packages_select=None, packages_skip=None, packages_select_regex=None, packages_skip_regex=None, packages_start=None, packages_end=None, allow_overriding=[], cmake_args=None, cmake_target=None, cmake_target_skip_unavailable=False, cmake_clean_cache=False, cmake_clean_first=False, cmake_force_configure=False, ament_cmake_args=None, catkin_cmake_args=None, catkin_skip_building_tests=False, verb_parser=<colcon_defaults.argument_parser.defaults.DefaultArgumentsDecorator object at 0x73e70112e090>, verb_extension=<colcon_core.verb.build.BuildVerb object at 0x73e70127f890>, main=<bound method BuildVerb.main of <colcon_core.verb.build.BuildVerb object at 0x73e70127f890>>)
[0.163s] Level 1:colcon.colcon_core.package_discovery:discover_packages(colcon_meta) check parameters
[0.163s] Level 1:colcon.colcon_core.package_discovery:discover_packages(recursive) check parameters
[0.163s] Level 1:colcon.colcon_core.package_discovery:discover_packages(ignore) check parameters
[0.163s] Level 1:colcon.colcon_core.package_discovery:discover_packages(path) check parameters
[0.163s] Level 1:colcon.colcon_core.package_discovery:discover_packages(colcon_meta) discover
[0.163s] Level 1:colcon.colcon_core.package_discovery:discover_packages(recursive) discover
[0.163s] INFO:colcon.colcon_core.package_discovery:Crawling recursively for packages in '/home/yyj/IEKF_LIO_node/src/iekf_lio'
[0.163s] Level 1:colcon.colcon_core.package_identification:_identify(.) by extensions ['ignore', 'ignore_ament_install']
[0.163s] Level 1:colcon.colcon_core.package_identification:_identify(.) by extension 'ignore'
[0.163s] Level 1:colcon.colcon_core.package_identification:_identify(.) by extension 'ignore_ament_install'
[0.163s] Level 1:colcon.colcon_core.package_identification:_identify(.) by extensions ['colcon_pkg']
[0.163s] Level 1:colcon.colcon_core.package_identification:_identify(.) by extension 'colcon_pkg'
[0.163s] Level 1:colcon.colcon_core.package_identification:_identify(.) by extensions ['colcon_meta']
[0.163s] Level 1:colcon.colcon_core.package_identification:_identify(.) by extension 'colcon_meta'
[0.163s] Level 1:colcon.colcon_core.package_identification:_identify(.) by extensions ['ros']
[0.163s] Level 1:colcon.colcon_core.package_identification:_identify(.) by extension 'ros'
[0.184s] DEBUG:colcon.colcon_core.package_identification:Package '.' with type 'ros.ament_cmake' and name 'iekf_lio'
[0.184s] Level 1:colcon.colcon_core.package_discovery:discover_packages(recursive) using defaults
[0.184s] Level 1:colcon.colcon_core.package_discovery:discover_packages(ignore) discover
[0.184s] Level 1:colcon.colcon_core.package_discovery:discover_packages(ignore) using defaults
[0.184s] Level 1:colcon.colcon_core.package_discovery:discover_packages(path) discover
[0.184s] Level 1:colcon.colcon_core.package_discovery:discover_packages(path) using defaults
[0.197s] Level 1:colcon.colcon_core.package_discovery:discover_packages(prefix_path) check parameters
[0.197s] Level 1:colcon.colcon_core.package_discovery:discover_packages(prefix_path) discover
[0.198s] DEBUG:colcon.colcon_installed_package_information.package_discovery:Found 1 installed packages in /home/yyj/livox_ws/install
[0.199s] DEBUG:colcon.colcon_installed_package_information.package_discovery:Found 286 installed packages in /opt/ros/jazzy
[0.199s] Level 1:colcon.colcon_core.package_discovery:discover_packages(prefix_path) using defaults
[0.223s] Level 5:colcon.colcon_core.verb:set package 'iekf_lio' build argument 'cmake_args' from command line to 'None'
[0.223s] Level 5:colcon.colcon_core.verb:set package 'iekf_lio' build argument 'cmake_target' from command line to 'None'
[0.223s] Level 5:colcon.colcon_core.verb:set package 'iekf_lio' build argument 'cmake_target_skip_unavailable' from command line to 'False'
[0.223s] Level 5:colcon.colcon_core.verb:set package 'iekf_lio' build argument 'cmake_clean_cache' from command line to 'False'
[0.223s] Level 5:colcon.colcon_core.verb:set package 'iekf_lio' build argument 'cmake_clean_first' from command line to 'False'
[0.223s] Level 5:colcon.colcon_core.verb:set package 'iekf_lio' build argument 'cmake_force_configure' from command line to 'False'
[0.223s] Level 5:colcon.colcon_core.verb:set package 'iekf_lio' build argument 'ament_cmake_args' from command line to 'None'
[0.223s] Level 5:colcon.colcon_core.verb:set package 'iekf_lio' build argument 'catkin_cmake_args' from command line to 'None'
[0.223s] Level 5:colcon.colcon_core.verb:set package 'iekf_lio' build argument 'catkin_skip_building_tests' from command line to 'False'
[0.223s] DEBUG:colcon.colcon_core.verb:Building package 'iekf_lio' with the following arguments: {'ament_cmake_args': None, 'build_base': '/home/yyj/IEKF_LIO_node/src/iekf_lio/build/iekf_lio', 'catkin_cmake_args': None, 'catkin_skip_building_tests': False, 'cmake_args': None, 'cmake_clean_cache': False, 'cmake_clean_first': False, 'cmake_force_configure': False, 'cmake_target': None, 'cmake_target_skip_unavailable': False, 'install_base': '/home/yyj/IEKF_LIO_node/src/iekf_lio/install/iekf_lio', 'merge_install': False, 'path': '/home/yyj/IEKF_LIO_node/src/iekf_lio', 'symlink_install': False, 'test_result_base': None}
[0.223s] INFO:colcon.colcon_core.executor:Executing jobs using 'parallel' executor
[0.224s] DEBUG:colcon.colcon_parallel_executor.executor.parallel:run_until_complete
[0.224s] INFO:colcon.colcon_ros.task.ament_cmake.build:Building ROS package in '/home/yyj/IEKF_LIO_node/src/iekf_lio' with build type 'ament_cmake'
[0.224s] INFO:colcon.colcon_cmake.task.cmake.build:Building CMake package in '/home/yyj/IEKF_LIO_node/src/iekf_lio'
[0.225s] INFO:colcon.colcon_core.plugin_system:Skipping extension 'colcon_core.shell.bat': Not used on non-Windows systems
[0.225s] INFO:colcon.colcon_core.shell:Skip shell extension 'powershell' for command environment: Not usable outside of PowerShell
[0.225s] DEBUG:colcon.colcon_core.shell:Skip shell extension 'dsv' for command environment
[0.231s] DEBUG:colcon.colcon_core.event_handler.log_command:Invoking command in '/home/yyj/IEKF_LIO_node/src/iekf_lio/build/iekf_lio': CMAKE_PREFIX_PATH=${CMAKE_PREFIX_PATH}:/opt/ros/jazzy /usr/bin/cmake /home/yyj/IEKF_LIO_node/src/iekf_lio -DCMAKE_INSTALL_PREFIX=/home/yyj/IEKF_LIO_node/src/iekf_lio/install/iekf_lio
[47.463s] DEBUG:colcon.colcon_core.event_handler.log_command:Invoked command in '/home/yyj/IEKF_LIO_node/src/iekf_lio/build/iekf_lio' returned '0': CMAKE_PREFIX_PATH=${CMAKE_PREFIX_PATH}:/opt/ros/jazzy /usr/bin/cmake /home/yyj/IEKF_LIO_node/src/iekf_lio -DCMAKE_INSTALL_PREFIX=/home/yyj/IEKF_LIO_node/src/iekf_lio/install/iekf_lio
[47.464s] DEBUG:colcon.colcon_core.event_handler.log_command:Invoking command in '/home/yyj/IEKF_LIO_node/src/iekf_lio/build/iekf_lio': CMAKE_PREFIX_PATH=${CMAKE_PREFIX_PATH}:/opt/ros/jazzy /usr/bin/cmake --build /home/yyj/IEKF_LIO_node/src/iekf_lio/build/iekf_lio -- -j20 -l20
[61.122s] DEBUG:colcon.colcon_core.event_handler.log_command:Invoked command in '/home/yyj/IEKF_LIO_node/src/iekf_lio/build/iekf_lio' returned '0': CMAKE_PREFIX_PATH=${CMAKE_PREFIX_PATH}:/opt/ros/jazzy /usr/bin/cmake --build /home/yyj/IEKF_LIO_node/src/iekf_lio/build/iekf_lio -- -j20 -l20
[61.134s] DEBUG:colcon.colcon_core.event_handler.log_command:Invoking command in '/home/yyj/IEKF_LIO_node/src/iekf_lio/build/iekf_lio': CMAKE_PREFIX_PATH=${CMAKE_PREFIX_PATH}:/opt/ros/jazzy /usr/bin/cmake --install /home/yyj/IEKF_LIO_node/src/iekf_lio/build/iekf_lio
[61.168s] Level 1:colcon.colcon_core.environment:create_environment_scripts_only(iekf_lio)
[61.168s] DEBUG:colcon.colcon_core.event_handler.log_command:Invoked command in '/home/yyj/IEKF_LIO_node/src/iekf_lio/build/iekf_lio' returned '0': CMAKE_PREFIX_PATH=${CMAKE_PREFIX_PATH}:/opt/ros/jazzy /usr/bin/cmake --install /home/yyj/IEKF_LIO_node/src/iekf_lio/build/iekf_lio
[61.175s] Level 1:colcon.colcon_core.environment:checking '/home/yyj/IEKF_LIO_node/src/iekf_lio/install/iekf_lio' for CMake module files
[61.176s] Level 1:colcon.colcon_core.environment:checking '/home/yyj/IEKF_LIO_node/src/iekf_lio/install/iekf_lio' for CMake config files
[61.176s] Level 1:colcon.colcon_core.shell:create_environment_hook('iekf_lio', 'cmake_prefix_path')
[61.176s] INFO:colcon.colcon_core.shell:Creating environment hook '/home/yyj/IEKF_LIO_node/src/iekf_lio/install/iekf_lio/share/iekf_lio/hook/cmake_prefix_path.ps1'
[61.177s] INFO:colcon.colcon_core.shell:Creating environment descriptor '/home/yyj/IEKF_LIO_node/src/iekf_lio/install/iekf_lio/share/iekf_lio/hook/cmake_prefix_path.dsv'
[61.178s] INFO:colcon.colcon_core.shell:Creating environment hook '/home/yyj/IEKF_LIO_node/src/iekf_lio/install/iekf_lio/share/iekf_lio/hook/cmake_prefix_path.sh'
[61.179s] Level 1:colcon.colcon_core.environment:checking '/home/yyj/IEKF_LIO_node/src/iekf_lio/install/iekf_lio/lib'
[61.179s] Level 1:colcon.colcon_core.environment:checking '/home/yyj/IEKF_LIO_node/src/iekf_lio/install/iekf_lio/bin'
[61.179s] Level 1:colcon.colcon_core.environment:checking '/home/yyj/IEKF_LIO_node/src/iekf_lio/install/iekf_lio/lib/pkgconfig/iekf_lio.pc'
[61.179s] Level 1:colcon.colcon_core.environment:checking '/home/yyj/IEKF_LIO_node/src/iekf_lio/install/iekf_lio/lib/python3.12/site-packages'
[61.180s] Level 1:colcon.colcon_core.environment:checking '/home/yyj/IEKF_LIO_node/src/iekf_lio/install/iekf_lio/bin'
[61.180s] INFO:colcon.colcon_core.shell:Creating package script '/home/yyj/IEKF_LIO_node/src/iekf_lio/install/iekf_lio/share/iekf_lio/package.ps1'
[61.180s] INFO:colcon.colcon_core.shell:Creating package descriptor '/home/yyj/IEKF_LIO_node/src/iekf_lio/install/iekf_lio/share/iekf_lio/package.dsv'
[61.181s] INFO:colcon.colcon_core.shell:Creating package script '/home/yyj/IEKF_LIO_node/src/iekf_lio/install/iekf_lio/share/iekf_lio/package.sh'
[61.182s] INFO:colcon.colcon_core.shell:Creating package script '/home/yyj/IEKF_LIO_node/src/iekf_lio/install/iekf_lio/share/iekf_lio/package.bash'
[61.183s] INFO:colcon.colcon_core.shell:Creating package script '/home/yyj/IEKF_LIO_node/src/iekf_lio/install/iekf_lio/share/iekf_lio/package.zsh'
[61.184s] Level 1:colcon.colcon_core.environment:create_file_with_runtime_dependencies(/home/yyj/IEKF_LIO_node/src/iekf_lio/install/iekf_lio/share/colcon-core/packages/iekf_lio)
[61.185s] Level 1:colcon.colcon_core.environment:create_environment_scripts_only(iekf_lio)
[61.185s] Level 1:colcon.colcon_core.environment:checking '/home/yyj/IEKF_LIO_node/src/iekf_lio/install/iekf_lio' for CMake module files
[61.185s] Level 1:colcon.colcon_core.environment:checking '/home/yyj/IEKF_LIO_node/src/iekf_lio/install/iekf_lio' for CMake config files
[61.185s] Level 1:colcon.colcon_core.shell:create_environment_hook('iekf_lio', 'cmake_prefix_path')
[61.185s] INFO:colcon.colcon_core.shell:Creating environment hook '/home/yyj/IEKF_LIO_node/src/iekf_lio/install/iekf_lio/share/iekf_lio/hook/cmake_prefix_path.ps1'
[61.186s] INFO:colcon.colcon_core.shell:Creating environment descriptor '/home/yyj/IEKF_LIO_node/src/iekf_lio/install/iekf_lio/share/iekf_lio/hook/cmake_prefix_path.dsv'
[61.186s] INFO:colcon.colcon_core.shell:Creating environment hook '/home/yyj/IEKF_LIO_node/src/iekf_lio/install/iekf_lio/share/iekf_lio/hook/cmake_prefix_path.sh'
[61.186s] Level 1:colcon.colcon_core.environment:checking '/home/yyj/IEKF_LIO_node/src/iekf_lio/install/iekf_lio/lib'
[61.186s] Level 1:colcon.colcon_core.environment:checking '/home/yyj/IEKF_LIO_node/src/iekf_lio/install/iekf_lio/bin'
[61.186s] Level 1:colcon.colcon_core.environment:checking '/home/yyj/IEKF_LIO_node/src/iekf_lio/install/iekf_lio/lib/pkgconfig/iekf_lio.pc'
[61.186s] Level 1:colcon.colcon_core.environment:checking '/home/yyj/IEKF_LIO_node/src/iekf_lio/install/iekf_lio/lib/python3.12/site-packages'
[61.187s] Level 1:colcon.colcon_core.environment:checking '/home/yyj/IEKF_LIO_node/src/iekf_lio/install/iekf_lio/bin'
[61.187s] INFO:colcon.colcon_core.shell:Creating package script '/home/yyj/IEKF_LIO_node/src/iekf_lio/install/iekf_lio/share/iekf_lio/package.ps1'
[61.187s] INFO:colcon.colcon_core.shell:Creating package descriptor '/home/yyj/IEKF_LIO_node/src/iekf_lio/install/iekf_lio/share/iekf_lio/package.dsv'
[61.188s] INFO:colcon.colcon_core.shell:Creating package script '/home/yyj/IEKF_LIO_node/src/iekf_lio/install/iekf_lio/share/iekf_lio/package.sh'
[61.188s] INFO:colcon.colcon_core.shell:Creating package script '/home/yyj/IEKF_LIO_node/src/iekf_lio/install/iekf_lio/share/iekf_lio/package.bash'
[61.188s] INFO:colcon.colcon_core.shell:Creating package script '/home/yyj/IEKF_LIO_node/src/iekf_lio/install/iekf_lio/share/iekf_lio/package.zsh'
[61.188s] Level 1:colcon.colcon_core.environment:create_file_with_runtime_dependencies(/home/yyj/IEKF_LIO_node/src/iekf_lio/install/iekf_lio/share/colcon-core/packages/iekf_lio)
[61.189s] DEBUG:colcon.colcon_parallel_executor.executor.parallel:closing loop
[61.189s] DEBUG:colcon.colcon_parallel_executor.executor.parallel:loop closed
[61.189s] DEBUG:colcon.colcon_parallel_executor.executor.parallel:run_until_complete finished with '0'
[61.189s] DEBUG:colcon.colcon_core.event_reactor:joining thread
[61.232s] INFO:colcon.colcon_core.plugin_system:Skipping extension 'colcon_notification.desktop_notification.notify_send': Could not find 'notify-send'
[61.232s] INFO:colcon.colcon_core.plugin_system:Skipping extension 'colcon_notification.desktop_notification.terminal_notifier': Not used on non-Darwin systems
[61.232s] INFO:colcon.colcon_core.plugin_system:Skipping extension 'colcon_notification.desktop_notification.win32': Not used on non-Windows systems
[61.232s] INFO:colcon.colcon_notification.desktop_notification:Sending desktop notification using 'notify2'
[61.234s] DEBUG:colcon.colcon_notification.desktop_notification.notify2:Failed to initialize notify2: org.freedesktop.DBus.Error.ServiceUnknown: The name org.freedesktop.Notifications was not provided by any .service files
[61.234s] DEBUG:colcon.colcon_core.event_reactor:joined thread
[61.234s] INFO:colcon.colcon_core.shell:Creating prefix script '/home/yyj/IEKF_LIO_node/src/iekf_lio/install/local_setup.ps1'
[61.235s] INFO:colcon.colcon_core.shell:Creating prefix util module '/home/yyj/IEKF_LIO_node/src/iekf_lio/install/_local_setup_util_ps1.py'
[61.236s] INFO:colcon.colcon_core.shell:Creating prefix chain script '/home/yyj/IEKF_LIO_node/src/iekf_lio/install/setup.ps1'
[61.238s] INFO:colcon.colcon_core.shell:Creating prefix script '/home/yyj/IEKF_LIO_node/src/iekf_lio/install/local_setup.sh'
[61.239s] INFO:colcon.colcon_core.shell:Creating prefix util module '/home/yyj/IEKF_LIO_node/src/iekf_lio/install/_local_setup_util_sh.py'
[61.239s] INFO:colcon.colcon_core.shell:Creating prefix chain script '/home/yyj/IEKF_LIO_node/src/iekf_lio/install/setup.sh'
[61.240s] INFO:colcon.colcon_core.shell:Creating prefix script '/home/yyj/IEKF_LIO_node/src/iekf_lio/install/local_setup.bash'
[61.240s] INFO:colcon.colcon_core.shell:Creating prefix chain script '/home/yyj/IEKF_LIO_node/src/iekf_lio/install/setup.bash'
[61.241s] INFO:colcon.colcon_core.shell:Creating prefix script '/home/yyj/IEKF_LIO_node/src/iekf_lio/install/local_setup.zsh'
[61.242s] INFO:colcon.colcon_core.shell:Creating prefix chain script '/home/yyj/IEKF_LIO_node/src/iekf_lio/install/setup.zsh'
